2023-05-31 11:43:20,228 [Worker-6: Loading available Gradle versions] INFO  o.e.b.c.i.u.g.PublishedGradleVersions - Gradle version information cache is out-of-date. Trying to update.
2023-05-31 11:46:13,687 [Worker-11: Creating project "awslambda"] INFO  o.e.m.c.i.l.LifecycleMappingFactory - Using org.eclipse.m2e.jdt.JarLifecycleMapping lifecycle mapping for MavenProject: com.awslambda:awslambda:0.0.1-SNAPSHOT @ D:\Advanced\awslambda\pom.xml.
2023-05-31 11:46:14,494 [Worker-11: Creating project "awslambda"] INFO  o.e.m.j.i.AbstractJavaProjectConfigurator - Adding source folder /awslambda/src/main/java
2023-05-31 11:46:14,496 [Worker-11: Creating project "awslambda"] INFO  o.e.m.j.i.AbstractJavaProjectConfigurator - Adding resource folder /awslambda/src/main/resources
2023-05-31 11:46:14,499 [Worker-11: Creating project "awslambda"] INFO  o.e.m.j.i.AbstractJavaProjectConfigurator - Adding source folder /awslambda/src/test/java
2023-05-31 11:46:14,500 [Worker-11: Creating project "awslambda"] INFO  o.e.m.j.i.AbstractJavaProjectConfigurator - Adding resource folder /awslambda/src/test/resources
2023-05-31 11:46:15,795 [Worker-11: Building] WARN  o.e.m.c.i.embedder.EclipseLogger - Using platform encoding (Cp1252 actually) to copy filtered resources, i.e. build is platform dependent!
2023-05-31 11:46:15,802 [Worker-11: Building] INFO  o.e.m.c.i.embedder.EclipseLogger - Copying 0 resource
2023-05-31 11:46:15,805 [Worker-11: Building] WARN  o.e.m.c.i.embedder.EclipseLogger - Using platform encoding (Cp1252 actually) to copy filtered resources, i.e. build is platform dependent!
2023-05-31 11:46:15,806 [Worker-11: Building] INFO  o.e.m.c.i.embedder.EclipseLogger - Copying 0 resource
2023-05-31 11:49:59,701 [Worker-14: Building] WARN  o.e.m.c.i.embedder.EclipseLogger - Using platform encoding (Cp1252 actually) to copy filtered resources, i.e. build is platform dependent!
2023-05-31 11:49:59,709 [Worker-14: Building] INFO  o.e.m.c.i.embedder.EclipseLogger - Copying 0 resource
2023-05-31 11:49:59,712 [Worker-14: Building] WARN  o.e.m.c.i.embedder.EclipseLogger - Using platform encoding (Cp1252 actually) to copy filtered resources, i.e. build is platform dependent!
2023-05-31 11:49:59,713 [Worker-14: Building] INFO  o.e.m.c.i.embedder.EclipseLogger - Copying 0 resource
2023-05-31 11:50:52,867 [Worker-4: Building] WARN  o.e.m.c.i.embedder.EclipseLogger - Using platform encoding (Cp1252 actually) to copy filtered resources, i.e. build is platform dependent!
2023-05-31 11:50:52,871 [Worker-4: Building] INFO  o.e.m.c.i.embedder.EclipseLogger - Copying 0 resource
2023-05-31 11:50:52,874 [Worker-4: Building] WARN  o.e.m.c.i.embedder.EclipseLogger - Using platform encoding (Cp1252 actually) to copy filtered resources, i.e. build is platform dependent!
2023-05-31 11:50:52,875 [Worker-4: Building] INFO  o.e.m.c.i.embedder.EclipseLogger - Copying 0 resource
2023-05-31 11:50:53,892 [Worker-4: Building] WARN  o.e.m.c.i.embedder.EclipseLogger - Using platform encoding (Cp1252 actually) to copy filtered resources, i.e. build is platform dependent!
2023-05-31 11:50:53,893 [Worker-4: Building] INFO  o.e.m.c.i.embedder.EclipseLogger - Copying 0 resource
2023-05-31 11:50:53,897 [Worker-4: Building] WARN  o.e.m.c.i.embedder.EclipseLogger - Using platform encoding (Cp1252 actually) to copy filtered resources, i.e. build is platform dependent!
2023-05-31 11:50:53,897 [Worker-4: Building] INFO  o.e.m.c.i.embedder.EclipseLogger - Copying 0 resource
2023-05-31 11:53:53,021 [Worker-4: Building] WARN  o.e.m.c.i.embedder.EclipseLogger - Using platform encoding (Cp1252 actually) to copy filtered resources, i.e. build is platform dependent!
2023-05-31 11:53:53,023 [Worker-4: Building] INFO  o.e.m.c.i.embedder.EclipseLogger - Copying 0 resource
2023-05-31 11:53:53,027 [Worker-4: Building] WARN  o.e.m.c.i.embedder.EclipseLogger - Using platform encoding (Cp1252 actually) to copy filtered resources, i.e. build is platform dependent!
2023-05-31 11:53:53,028 [Worker-4: Building] INFO  o.e.m.c.i.embedder.EclipseLogger - Copying 0 resource
2023-05-31 11:55:21,191 [Worker-21: Building] WARN  o.e.m.c.i.embedder.EclipseLogger - Using platform encoding (Cp1252 actually) to copy filtered resources, i.e. build is platform dependent!
2023-05-31 11:55:21,192 [Worker-21: Building] INFO  o.e.m.c.i.embedder.EclipseLogger - Copying 0 resource
2023-05-31 11:55:21,196 [Worker-21: Building] WARN  o.e.m.c.i.embedder.EclipseLogger - Using platform encoding (Cp1252 actually) to copy filtered resources, i.e. build is platform dependent!
2023-05-31 11:55:21,200 [Worker-21: Building] INFO  o.e.m.c.i.embedder.EclipseLogger - Copying 0 resource
2023-05-31 12:07:14,347 [Worker-23: Launching Executing clean in D__Advanced_awslambda] INFO  o.eclipse.m2e.core.internal.Bundles - getClasspathEntries(Bundle=org.eclipse.m2e.maven.runtime_3.8.604.20221130-2149 [267])
2023-05-31 12:07:14,353 [Worker-23: Launching Executing clean in D__Advanced_awslambda] INFO  o.eclipse.m2e.core.internal.Bundles - 	Entry: C:\Users\Administrator\.p2\pool\plugins\org.eclipse.m2e.maven.runtime_3.8.604.20221130-2149
2023-05-31 12:07:14,355 [Worker-23: Launching Executing clean in D__Advanced_awslambda] INFO  o.eclipse.m2e.core.internal.Bundles - 	Entry: C:\Users\Administrator\.p2\pool\plugins\org.eclipse.m2e.maven.runtime_3.8.604.20221130-2149\jars\aether-connector-okhttp-0.17.8.jar
2023-05-31 12:07:14,355 [Worker-23: Launching Executing clean in D__Advanced_awslambda] INFO  o.eclipse.m2e.core.internal.Bundles - 	Entry: C:\Users\Administrator\.p2\pool\plugins\org.eclipse.m2e.maven.runtime_3.8.604.20221130-2149\jars\commons-cli-1.4.jar
2023-05-31 12:07:14,355 [Worker-23: Launching Executing clean in D__Advanced_awslambda] INFO  o.eclipse.m2e.core.internal.Bundles - 	Entry: C:\Users\Administrator\.p2\pool\plugins\org.eclipse.m2e.maven.runtime_3.8.604.20221130-2149\jars\commons-io-2.6.jar
2023-05-31 12:07:14,355 [Worker-23: Launching Executing clean in D__Advanced_awslambda] INFO  o.eclipse.m2e.core.internal.Bundles - 	Entry: C:\Users\Administrator\.p2\pool\plugins\org.eclipse.m2e.maven.runtime_3.8.604.20221130-2149\jars\commons-lang3-3.8.1.jar
2023-05-31 12:07:14,355 [Worker-23: Launching Executing clean in D__Advanced_awslambda] INFO  o.eclipse.m2e.core.internal.Bundles - 	Entry: C:\Users\Administrator\.p2\pool\plugins\org.eclipse.m2e.maven.runtime_3.8.604.20221130-2149\jars\guice-4.2.2-no_aop.jar
2023-05-31 12:07:14,356 [Worker-23: Launching Executing clean in D__Advanced_awslambda] INFO  o.eclipse.m2e.core.internal.Bundles - 	Entry: C:\Users\Administrator\.p2\pool\plugins\org.eclipse.m2e.maven.runtime_3.8.604.20221130-2149\jars\jansi-2.4.0.jar
2023-05-31 12:07:14,356 [Worker-23: Launching Executing clean in D__Advanced_awslambda] INFO  o.eclipse.m2e.core.internal.Bundles - 	Entry: C:\Users\Administrator\.p2\pool\plugins\org.eclipse.m2e.maven.runtime_3.8.604.20221130-2149\jars\maven-artifact-3.8.6.jar
2023-05-31 12:07:14,356 [Worker-23: Launching Executing clean in D__Advanced_awslambda] INFO  o.eclipse.m2e.core.internal.Bundles - 	Entry: C:\Users\Administrator\.p2\pool\plugins\org.eclipse.m2e.maven.runtime_3.8.604.20221130-2149\jars\maven-builder-support-3.8.6.jar
2023-05-31 12:07:14,356 [Worker-23: Launching Executing clean in D__Advanced_awslambda] INFO  o.eclipse.m2e.core.internal.Bundles - 	Entry: C:\Users\Administrator\.p2\pool\plugins\org.eclipse.m2e.maven.runtime_3.8.604.20221130-2149\jars\maven-compat-3.8.6.jar
2023-05-31 12:07:14,356 [Worker-23: Launching Executing clean in D__Advanced_awslambda] INFO  o.eclipse.m2e.core.internal.Bundles - 	Entry: C:\Users\Administrator\.p2\pool\plugins\org.eclipse.m2e.maven.runtime_3.8.604.20221130-2149\jars\maven-core-3.8.6.jar
2023-05-31 12:07:14,356 [Worker-23: Launching Executing clean in D__Advanced_awslambda] INFO  o.eclipse.m2e.core.internal.Bundles - 	Entry: C:\Users\Administrator\.p2\pool\plugins\org.eclipse.m2e.maven.runtime_3.8.604.20221130-2149\jars\maven-embedder-3.8.6.jar
2023-05-31 12:07:14,356 [Worker-23: Launching Executing clean in D__Advanced_awslambda] INFO  o.eclipse.m2e.core.internal.Bundles - 	Entry: C:\Users\Administrator\.p2\pool\plugins\org.eclipse.m2e.maven.runtime_3.8.604.20221130-2149\jars\maven-model-3.8.6.jar
2023-05-31 12:07:14,357 [Worker-23: Launching Executing clean in D__Advanced_awslambda] INFO  o.eclipse.m2e.core.internal.Bundles - 	Entry: C:\Users\Administrator\.p2\pool\plugins\org.eclipse.m2e.maven.runtime_3.8.604.20221130-2149\jars\maven-model-builder-3.8.6.jar
2023-05-31 12:07:14,357 [Worker-23: Launching Executing clean in D__Advanced_awslambda] INFO  o.eclipse.m2e.core.internal.Bundles - 	Entry: C:\Users\Administrator\.p2\pool\plugins\org.eclipse.m2e.maven.runtime_3.8.604.20221130-2149\jars\maven-plugin-api-3.8.6.jar
2023-05-31 12:07:14,357 [Worker-23: Launching Executing clean in D__Advanced_awslambda] INFO  o.eclipse.m2e.core.internal.Bundles - 	Entry: C:\Users\Administrator\.p2\pool\plugins\org.eclipse.m2e.maven.runtime_3.8.604.20221130-2149\jars\maven-repository-metadata-3.8.6.jar
2023-05-31 12:07:14,357 [Worker-23: Launching Executing clean in D__Advanced_awslambda] INFO  o.eclipse.m2e.core.internal.Bundles - 	Entry: C:\Users\Administrator\.p2\pool\plugins\org.eclipse.m2e.maven.runtime_3.8.604.20221130-2149\jars\maven-resolver-api-1.6.3.jar
2023-05-31 12:07:14,357 [Worker-23: Launching Executing clean in D__Advanced_awslambda] INFO  o.eclipse.m2e.core.internal.Bundles - 	Entry: C:\Users\Administrator\.p2\pool\plugins\org.eclipse.m2e.maven.runtime_3.8.604.20221130-2149\jars\maven-resolver-connector-basic-1.6.3.jar
2023-05-31 12:07:14,357 [Worker-23: Launching Executing clean in D__Advanced_awslambda] INFO  o.eclipse.m2e.core.internal.Bundles - 	Entry: C:\Users\Administrator\.p2\pool\plugins\org.eclipse.m2e.maven.runtime_3.8.604.20221130-2149\jars\maven-resolver-impl-1.6.3.jar
2023-05-31 12:07:14,357 [Worker-23: Launching Executing clean in D__Advanced_awslambda] INFO  o.eclipse.m2e.core.internal.Bundles - 	Entry: C:\Users\Administrator\.p2\pool\plugins\org.eclipse.m2e.maven.runtime_3.8.604.20221130-2149\jars\maven-resolver-provider-3.8.6.jar
2023-05-31 12:07:14,359 [Worker-23: Launching Executing clean in D__Advanced_awslambda] INFO  o.eclipse.m2e.core.internal.Bundles - 	Entry: C:\Users\Administrator\.p2\pool\plugins\org.eclipse.m2e.maven.runtime_3.8.604.20221130-2149\jars\maven-resolver-spi-1.6.3.jar
2023-05-31 12:07:14,359 [Worker-23: Launching Executing clean in D__Advanced_awslambda] INFO  o.eclipse.m2e.core.internal.Bundles - 	Entry: C:\Users\Administrator\.p2\pool\plugins\org.eclipse.m2e.maven.runtime_3.8.604.20221130-2149\jars\maven-resolver-transport-wagon-1.6.3.jar
2023-05-31 12:07:14,359 [Worker-23: Launching Executing clean in D__Advanced_awslambda] INFO  o.eclipse.m2e.core.internal.Bundles - 	Entry: C:\Users\Administrator\.p2\pool\plugins\org.eclipse.m2e.maven.runtime_3.8.604.20221130-2149\jars\maven-resolver-util-1.6.3.jar
2023-05-31 12:07:14,359 [Worker-23: Launching Executing clean in D__Advanced_awslambda] INFO  o.eclipse.m2e.core.internal.Bundles - 	Entry: C:\Users\Administrator\.p2\pool\plugins\org.eclipse.m2e.maven.runtime_3.8.604.20221130-2149\jars\maven-settings-3.8.6.jar
2023-05-31 12:07:14,360 [Worker-23: Launching Executing clean in D__Advanced_awslambda] INFO  o.eclipse.m2e.core.internal.Bundles - 	Entry: C:\Users\Administrator\.p2\pool\plugins\org.eclipse.m2e.maven.runtime_3.8.604.20221130-2149\jars\maven-settings-builder-3.8.6.jar
2023-05-31 12:07:14,360 [Worker-23: Launching Executing clean in D__Advanced_awslambda] INFO  o.eclipse.m2e.core.internal.Bundles - 	Entry: C:\Users\Administrator\.p2\pool\plugins\org.eclipse.m2e.maven.runtime_3.8.604.20221130-2149\jars\maven-shared-utils-3.3.4.jar
2023-05-31 12:07:14,360 [Worker-23: Launching Executing clean in D__Advanced_awslambda] INFO  o.eclipse.m2e.core.internal.Bundles - 	Entry: C:\Users\Administrator\.p2\pool\plugins\org.eclipse.m2e.maven.runtime_3.8.604.20221130-2149\jars\okhttp-3.14.1.jar
2023-05-31 12:07:14,360 [Worker-23: Launching Executing clean in D__Advanced_awslambda] INFO  o.eclipse.m2e.core.internal.Bundles - 	Entry: C:\Users\Administrator\.p2\pool\plugins\org.eclipse.m2e.maven.runtime_3.8.604.20221130-2149\jars\okio-1.17.3.jar
2023-05-31 12:07:14,362 [Worker-23: Launching Executing clean in D__Advanced_awslambda] INFO  o.eclipse.m2e.core.internal.Bundles - 	Entry: C:\Users\Administrator\.p2\pool\plugins\org.eclipse.m2e.maven.runtime_3.8.604.20221130-2149\jars\org.eclipse.sisu.inject-0.3.5.jar
2023-05-31 12:07:14,362 [Worker-23: Launching Executing clean in D__Advanced_awslambda] INFO  o.eclipse.m2e.core.internal.Bundles - 	Entry: C:\Users\Administrator\.p2\pool\plugins\org.eclipse.m2e.maven.runtime_3.8.604.20221130-2149\jars\org.eclipse.sisu.plexus-0.3.5.jar
2023-05-31 12:07:14,362 [Worker-23: Launching Executing clean in D__Advanced_awslambda] INFO  o.eclipse.m2e.core.internal.Bundles - 	Entry: C:\Users\Administrator\.p2\pool\plugins\org.eclipse.m2e.maven.runtime_3.8.604.20221130-2149\jars\plexus-build-api-0.0.7.jar
2023-05-31 12:07:14,363 [Worker-23: Launching Executing clean in D__Advanced_awslambda] INFO  o.eclipse.m2e.core.internal.Bundles - 	Entry: C:\Users\Administrator\.p2\pool\plugins\org.eclipse.m2e.maven.runtime_3.8.604.20221130-2149\jars\plexus-cipher-2.0.jar
2023-05-31 12:07:14,363 [Worker-23: Launching Executing clean in D__Advanced_awslambda] INFO  o.eclipse.m2e.core.internal.Bundles - 	Entry: C:\Users\Administrator\.p2\pool\plugins\org.eclipse.m2e.maven.runtime_3.8.604.20221130-2149\jars\plexus-classworlds-2.6.0.jar
2023-05-31 12:07:14,363 [Worker-23: Launching Executing clean in D__Advanced_awslambda] INFO  o.eclipse.m2e.core.internal.Bundles - 	Entry: C:\Users\Administrator\.p2\pool\plugins\org.eclipse.m2e.maven.runtime_3.8.604.20221130-2149\jars\plexus-component-annotations-2.1.0.jar
2023-05-31 12:07:14,363 [Worker-23: Launching Executing clean in D__Advanced_awslambda] INFO  o.eclipse.m2e.core.internal.Bundles - 	Entry: C:\Users\Administrator\.p2\pool\plugins\org.eclipse.m2e.maven.runtime_3.8.604.20221130-2149\jars\plexus-interpolation-1.26.jar
2023-05-31 12:07:14,364 [Worker-23: Launching Executing clean in D__Advanced_awslambda] INFO  o.eclipse.m2e.core.internal.Bundles - 	Entry: C:\Users\Administrator\.p2\pool\plugins\org.eclipse.m2e.maven.runtime_3.8.604.20221130-2149\jars\plexus-sec-dispatcher-2.0.jar
2023-05-31 12:07:14,364 [Worker-23: Launching Executing clean in D__Advanced_awslambda] INFO  o.eclipse.m2e.core.internal.Bundles - 	Entry: C:\Users\Administrator\.p2\pool\plugins\org.eclipse.m2e.maven.runtime_3.8.604.20221130-2149\jars\plexus-utils-3.3.1.jar
2023-05-31 12:07:14,364 [Worker-23: Launching Executing clean in D__Advanced_awslambda] INFO  o.eclipse.m2e.core.internal.Bundles - 	Entry: C:\Users\Administrator\.p2\pool\plugins\org.eclipse.m2e.maven.runtime_3.8.604.20221130-2149\jars\wagon-file-3.5.1.jar
2023-05-31 12:07:14,364 [Worker-23: Launching Executing clean in D__Advanced_awslambda] INFO  o.eclipse.m2e.core.internal.Bundles - 	Entry: C:\Users\Administrator\.p2\pool\plugins\org.eclipse.m2e.maven.runtime_3.8.604.20221130-2149\jars\wagon-provider-api-3.5.1.jar
2023-05-31 12:07:14,366 [Worker-23: Launching Executing clean in D__Advanced_awslambda] INFO  o.eclipse.m2e.core.internal.Bundles - getClasspathEntries(Bundle=com.google.guava_30.1.0.v20221112-0806 [8])
2023-05-31 12:07:14,368 [Worker-23: Launching Executing clean in D__Advanced_awslambda] INFO  o.eclipse.m2e.core.internal.Bundles - 	Entry: C:\Users\Administrator\.p2\pool\plugins\com.google.guava_30.1.0.v20221112-0806.jar
2023-05-31 12:07:14,368 [Worker-23: Launching Executing clean in D__Advanced_awslambda] INFO  o.eclipse.m2e.core.internal.Bundles - getClasspathEntries(Bundle=slf4j.api_1.7.36 [431])
2023-05-31 12:07:14,370 [Worker-23: Launching Executing clean in D__Advanced_awslambda] INFO  o.eclipse.m2e.core.internal.Bundles - 	Entry: C:\Users\Administrator\.p2\pool\plugins\slf4j.api_1.7.36.jar
2023-05-31 12:07:14,370 [Worker-23: Launching Executing clean in D__Advanced_awslambda] INFO  o.eclipse.m2e.core.internal.Bundles - getClasspathEntries(Bundle=javax.inject_1.0.0.v20220405-0441 [18])
2023-05-31 12:07:14,373 [Worker-23: Launching Executing clean in D__Advanced_awslambda] INFO  o.eclipse.m2e.core.internal.Bundles - 	Entry: C:\Users\Administrator\.p2\pool\plugins\javax.inject_1.0.0.v20220405-0441.jar
2023-05-31 12:07:14,373 [Worker-23: Launching Executing clean in D__Advanced_awslambda] INFO  o.eclipse.m2e.core.internal.Bundles - getClasspathEntries(Bundle=javax.annotation_1.3.5.v20221112-0806 [16])
2023-05-31 12:07:14,374 [Worker-23: Launching Executing clean in D__Advanced_awslambda] INFO  o.eclipse.m2e.core.internal.Bundles - 	Entry: C:\Users\Administrator\.p2\pool\plugins\javax.annotation_1.3.5.v20221112-0806.jar
2023-05-31 12:07:14,378 [Worker-23: Launching Executing clean in D__Advanced_awslambda] INFO  o.e.m.i.launch.MavenLaunchDelegate - Run build in "D:\Advanced\awslambda":
2023-05-31 12:07:14,383 [Worker-23: Launching Executing clean in D__Advanced_awslambda] INFO  o.e.m.i.launch.MavenLaunchDelegate -  mvn  -B -Dstyle.color=always clean
2023-05-31 12:07:18,402 [Worker-27: Building] WARN  o.e.m.c.i.embedder.EclipseLogger - Using platform encoding (Cp1252 actually) to copy filtered resources, i.e. build is platform dependent!
2023-05-31 12:07:18,403 [Worker-27: Building] INFO  o.e.m.c.i.embedder.EclipseLogger - Copying 0 resource
2023-05-31 12:07:18,405 [Worker-27: Building] WARN  o.e.m.c.i.embedder.EclipseLogger - Using platform encoding (Cp1252 actually) to copy filtered resources, i.e. build is platform dependent!
2023-05-31 12:07:18,406 [Worker-27: Building] INFO  o.e.m.c.i.embedder.EclipseLogger - Copying 0 resource
2023-05-31 12:07:49,872 [Worker-16: Launching Executing install in D__Advanced_awslambda] INFO  o.e.m.i.launch.MavenLaunchDelegate - Run build in "D:\Advanced\awslambda":
2023-05-31 12:07:49,873 [Worker-16: Launching Executing install in D__Advanced_awslambda] INFO  o.e.m.i.launch.MavenLaunchDelegate -  mvn  -B -Dstyle.color=always install
2023-05-31 12:07:55,033 [Worker-26: Building] WARN  o.e.m.c.i.embedder.EclipseLogger - Using platform encoding (Cp1252 actually) to copy filtered resources, i.e. build is platform dependent!
2023-05-31 12:07:55,034 [Worker-26: Building] INFO  o.e.m.c.i.embedder.EclipseLogger - Copying 0 resource
2023-05-31 12:07:55,038 [Worker-26: Building] WARN  o.e.m.c.i.embedder.EclipseLogger - Using platform encoding (Cp1252 actually) to copy filtered resources, i.e. build is platform dependent!
2023-05-31 12:07:55,039 [Worker-26: Building] INFO  o.e.m.c.i.embedder.EclipseLogger - Copying 0 resource
2023-05-31 12:10:57,963 [Worker-16: Updating Maven Project] INFO  o.e.m.c.i.p.ProjectConfigurationManager - Update started
2023-05-31 12:10:58,388 [Worker-16: Updating Maven Project] INFO  o.e.m.c.i.l.LifecycleMappingFactory - Using org.eclipse.m2e.jdt.JarLifecycleMapping lifecycle mapping for MavenProject: com.awslambda:awslambda:0.0.1-SNAPSHOT @ D:\Advanced\awslambda\pom.xml.
2023-05-31 12:10:58,561 [Worker-16: Updating Maven Project] INFO  o.e.m.j.i.AbstractJavaProjectConfigurator - Adding source folder /awslambda/src/main/java
2023-05-31 12:10:58,562 [Worker-16: Updating Maven Project] INFO  o.e.m.j.i.AbstractJavaProjectConfigurator - Adding resource folder /awslambda/src/main/resources
2023-05-31 12:10:58,562 [Worker-16: Updating Maven Project] INFO  o.e.m.j.i.AbstractJavaProjectConfigurator - Adding source folder /awslambda/src/test/java
2023-05-31 12:10:58,562 [Worker-16: Updating Maven Project] INFO  o.e.m.j.i.AbstractJavaProjectConfigurator - Adding resource folder /awslambda/src/test/resources
2023-05-31 12:10:58,719 [Worker-16: Updating Maven Project] INFO  o.e.m.c.i.p.ProjectConfigurationManager - Update completed for 1 poms: local refresh takes 0.00 sec, refresh facades takes 0.00 sec, update config takes 0.00 sec 
2023-05-31 12:10:58,874 [Worker-30: Building] WARN  o.e.m.c.i.embedder.EclipseLogger - Using platform encoding (Cp1252 actually) to copy filtered resources, i.e. build is platform dependent!
2023-05-31 12:10:58,875 [Worker-30: Building] INFO  o.e.m.c.i.embedder.EclipseLogger - Copying 0 resource
2023-05-31 12:10:58,879 [Worker-30: Building] WARN  o.e.m.c.i.embedder.EclipseLogger - Using platform encoding (Cp1252 actually) to copy filtered resources, i.e. build is platform dependent!
2023-05-31 12:10:58,880 [Worker-30: Building] INFO  o.e.m.c.i.embedder.EclipseLogger - Copying 0 resource
2023-05-31 12:11:20,073 [Worker-29: Updating Maven Project] INFO  o.e.m.c.i.p.ProjectConfigurationManager - Update started
2023-05-31 12:11:20,438 [Worker-29: Updating Maven Project] INFO  o.e.m.c.i.l.LifecycleMappingFactory - Using org.eclipse.m2e.jdt.JarLifecycleMapping lifecycle mapping for MavenProject: com.awslambda:awslambda:0.0.1-SNAPSHOT @ D:\Advanced\awslambda\pom.xml.
2023-05-31 12:11:20,577 [Worker-29: Updating Maven Project] INFO  o.e.m.j.i.AbstractJavaProjectConfigurator - Adding source folder /awslambda/src/main/java
2023-05-31 12:11:20,578 [Worker-29: Updating Maven Project] INFO  o.e.m.j.i.AbstractJavaProjectConfigurator - Adding resource folder /awslambda/src/main/resources
2023-05-31 12:11:20,578 [Worker-29: Updating Maven Project] INFO  o.e.m.j.i.AbstractJavaProjectConfigurator - Adding source folder /awslambda/src/test/java
2023-05-31 12:11:20,578 [Worker-29: Updating Maven Project] INFO  o.e.m.j.i.AbstractJavaProjectConfigurator - Adding resource folder /awslambda/src/test/resources
2023-05-31 12:11:20,643 [Worker-29: Updating Maven Project] INFO  o.e.m.c.i.p.ProjectConfigurationManager - Update completed for 1 poms: local refresh takes 0.00 sec, refresh facades takes 0.00 sec, update config takes 0.00 sec 
2023-05-31 12:11:20,898 [Worker-26: Building] WARN  o.e.m.c.i.embedder.EclipseLogger - Using platform encoding (Cp1252 actually) to copy filtered resources, i.e. build is platform dependent!
2023-05-31 12:11:20,901 [Worker-26: Building] INFO  o.e.m.c.i.embedder.EclipseLogger - Copying 0 resource
2023-05-31 12:11:20,904 [Worker-26: Building] WARN  o.e.m.c.i.embedder.EclipseLogger - Using platform encoding (Cp1252 actually) to copy filtered resources, i.e. build is platform dependent!
2023-05-31 12:11:20,905 [Worker-26: Building] INFO  o.e.m.c.i.embedder.EclipseLogger - Copying 0 resource
2023-05-31 12:11:28,092 [Worker-26: Launching Executing install in D__Advanced_awslambda] INFO  o.e.m.i.launch.MavenLaunchDelegate - Run build in "D:\Advanced\awslambda":
2023-05-31 12:11:28,093 [Worker-26: Launching Executing install in D__Advanced_awslambda] INFO  o.e.m.i.launch.MavenLaunchDelegate -  mvn  -B -Dstyle.color=always install
2023-05-31 12:11:34,473 [Worker-30: Building] WARN  o.e.m.c.i.embedder.EclipseLogger - Using platform encoding (Cp1252 actually) to copy filtered resources, i.e. build is platform dependent!
2023-05-31 12:11:34,475 [Worker-30: Building] INFO  o.e.m.c.i.embedder.EclipseLogger - Copying 0 resource
2023-05-31 12:11:34,477 [Worker-30: Building] WARN  o.e.m.c.i.embedder.EclipseLogger - Using platform encoding (Cp1252 actually) to copy filtered resources, i.e. build is platform dependent!
2023-05-31 12:11:34,478 [Worker-30: Building] INFO  o.e.m.c.i.embedder.EclipseLogger - Copying 0 resource
2023-05-31 12:37:26,709 [Worker-32: Building] WARN  o.e.m.c.i.embedder.EclipseLogger - Using platform encoding (Cp1252 actually) to copy filtered resources, i.e. build is platform dependent!
2023-05-31 12:37:26,710 [Worker-32: Building] INFO  o.e.m.c.i.embedder.EclipseLogger - Copying 0 resource
2023-05-31 12:37:26,713 [Worker-32: Building] WARN  o.e.m.c.i.embedder.EclipseLogger - Using platform encoding (Cp1252 actually) to copy filtered resources, i.e. build is platform dependent!
2023-05-31 12:37:26,714 [Worker-32: Building] INFO  o.e.m.c.i.embedder.EclipseLogger - Copying 0 resource
2023-05-31 12:39:21,963 [Worker-31: Launching Executing clean in D__Advanced_awslambda] INFO  o.e.m.i.launch.MavenLaunchDelegate - Run build in "D:\Advanced\awslambda":
2023-05-31 12:39:21,963 [Worker-31: Launching Executing clean in D__Advanced_awslambda] INFO  o.e.m.i.launch.MavenLaunchDelegate -  mvn  -B -Dstyle.color=always clean
2023-05-31 12:39:24,651 [Worker-26: Building] WARN  o.e.m.c.i.embedder.EclipseLogger - Using platform encoding (Cp1252 actually) to copy filtered resources, i.e. build is platform dependent!
2023-05-31 12:39:24,653 [Worker-26: Building] INFO  o.e.m.c.i.embedder.EclipseLogger - Copying 0 resource
2023-05-31 12:39:24,655 [Worker-26: Building] WARN  o.e.m.c.i.embedder.EclipseLogger - Using platform encoding (Cp1252 actually) to copy filtered resources, i.e. build is platform dependent!
2023-05-31 12:39:24,656 [Worker-26: Building] INFO  o.e.m.c.i.embedder.EclipseLogger - Copying 0 resource
2023-05-31 12:39:33,472 [main] INFO  o.e.m2e.actions.ExecutePomAction - Creating new launch configuration
2023-05-31 12:40:02,427 [Worker-31: Updating Maven Project] INFO  o.e.m.c.i.p.ProjectConfigurationManager - Update started
2023-05-31 12:40:02,818 [Worker-31: Updating Maven Project] INFO  o.e.m.c.i.l.LifecycleMappingFactory - Using org.eclipse.m2e.jdt.JarLifecycleMapping lifecycle mapping for MavenProject: com.awslambda:awslambda:0.0.1-SNAPSHOT @ D:\Advanced\awslambda\pom.xml.
2023-05-31 12:40:02,972 [Worker-31: Updating Maven Project] INFO  o.e.m.j.i.AbstractJavaProjectConfigurator - Adding source folder /awslambda/src/main/java
2023-05-31 12:40:02,973 [Worker-31: Updating Maven Project] INFO  o.e.m.j.i.AbstractJavaProjectConfigurator - Adding resource folder /awslambda/src/main/resources
2023-05-31 12:40:02,974 [Worker-31: Updating Maven Project] INFO  o.e.m.j.i.AbstractJavaProjectConfigurator - Adding source folder /awslambda/src/test/java
2023-05-31 12:40:02,974 [Worker-31: Updating Maven Project] INFO  o.e.m.j.i.AbstractJavaProjectConfigurator - Adding resource folder /awslambda/src/test/resources
2023-05-31 12:40:03,047 [Worker-31: Updating Maven Project] INFO  o.e.m.c.i.p.ProjectConfigurationManager - Update completed for 1 poms: local refresh takes 0.00 sec, refresh facades takes 0.00 sec, update config takes 0.00 sec 
2023-05-31 12:40:03,315 [Worker-26: Building] WARN  o.e.m.c.i.embedder.EclipseLogger - Using platform encoding (Cp1252 actually) to copy filtered resources, i.e. build is platform dependent!
2023-05-31 12:40:03,316 [Worker-26: Building] INFO  o.e.m.c.i.embedder.EclipseLogger - Copying 0 resource
2023-05-31 12:40:03,319 [Worker-26: Building] WARN  o.e.m.c.i.embedder.EclipseLogger - Using platform encoding (Cp1252 actually) to copy filtered resources, i.e. build is platform dependent!
2023-05-31 12:40:03,320 [Worker-26: Building] INFO  o.e.m.c.i.embedder.EclipseLogger - Copying 0 resource
2023-05-31 12:40:53,749 [Worker-35: Launching Executing install in D__Advanced_awslambda] INFO  o.e.m.i.launch.MavenLaunchDelegate - Run build in "D:\Advanced\awslambda":
2023-05-31 12:40:53,750 [Worker-35: Launching Executing install in D__Advanced_awslambda] INFO  o.e.m.i.launch.MavenLaunchDelegate -  mvn  -B -Dstyle.color=always install
2023-05-31 12:40:58,102 [Worker-35: Building] WARN  o.e.m.c.i.embedder.EclipseLogger - Using platform encoding (Cp1252 actually) to copy filtered resources, i.e. build is platform dependent!
2023-05-31 12:40:58,105 [Worker-35: Building] INFO  o.e.m.c.i.embedder.EclipseLogger - Copying 0 resource
2023-05-31 12:40:58,108 [Worker-35: Building] WARN  o.e.m.c.i.embedder.EclipseLogger - Using platform encoding (Cp1252 actually) to copy filtered resources, i.e. build is platform dependent!
2023-05-31 12:40:58,109 [Worker-35: Building] INFO  o.e.m.c.i.embedder.EclipseLogger - Copying 0 resource
2023-05-31 12:41:25,159 [Worker-31: Updating Maven Project] INFO  o.e.m.c.i.p.ProjectConfigurationManager - Update started
2023-05-31 12:41:25,555 [Worker-31: Updating Maven Project] INFO  o.e.m.c.i.l.LifecycleMappingFactory - Using org.eclipse.m2e.jdt.JarLifecycleMapping lifecycle mapping for MavenProject: com.awslambda:awslambda:0.0.1-SNAPSHOT @ D:\Advanced\awslambda\pom.xml.
2023-05-31 12:41:25,685 [Worker-31: Updating Maven Project] INFO  o.e.m.j.i.AbstractJavaProjectConfigurator - Adding source folder /awslambda/src/main/java
2023-05-31 12:41:25,686 [Worker-31: Updating Maven Project] INFO  o.e.m.j.i.AbstractJavaProjectConfigurator - Adding resource folder /awslambda/src/main/resources
2023-05-31 12:41:25,686 [Worker-31: Updating Maven Project] INFO  o.e.m.j.i.AbstractJavaProjectConfigurator - Adding source folder /awslambda/src/test/java
2023-05-31 12:41:25,687 [Worker-31: Updating Maven Project] INFO  o.e.m.j.i.AbstractJavaProjectConfigurator - Adding resource folder /awslambda/src/test/resources
2023-05-31 12:41:25,783 [Worker-31: Updating Maven Project] INFO  o.e.m.c.i.p.ProjectConfigurationManager - Update completed for 1 poms: local refresh takes 0.00 sec, refresh facades takes 0.00 sec, update config takes 0.00 sec 
2023-05-31 12:41:25,913 [Worker-34: Building] WARN  o.e.m.c.i.embedder.EclipseLogger - Using platform encoding (Cp1252 actually) to copy filtered resources, i.e. build is platform dependent!
2023-05-31 12:41:25,914 [Worker-34: Building] INFO  o.e.m.c.i.embedder.EclipseLogger - Copying 0 resource
2023-05-31 12:41:25,918 [Worker-34: Building] WARN  o.e.m.c.i.embedder.EclipseLogger - Using platform encoding (Cp1252 actually) to copy filtered resources, i.e. build is platform dependent!
2023-05-31 12:41:25,918 [Worker-34: Building] INFO  o.e.m.c.i.embedder.EclipseLogger - Copying 0 resource
2023-05-31 12:41:49,190 [Worker-31: Launching Executing install in D__Advanced_awslambda] INFO  o.e.m.i.launch.MavenLaunchDelegate - Run build in "D:\Advanced\awslambda":
2023-05-31 12:41:49,190 [Worker-31: Launching Executing install in D__Advanced_awslambda] INFO  o.e.m.i.launch.MavenLaunchDelegate -  mvn  -B -Dstyle.color=always install
2023-05-31 12:41:53,295 [Worker-34: Building] WARN  o.e.m.c.i.embedder.EclipseLogger - Using platform encoding (Cp1252 actually) to copy filtered resources, i.e. build is platform dependent!
2023-05-31 12:41:53,300 [Worker-34: Building] INFO  o.e.m.c.i.embedder.EclipseLogger - Copying 0 resource
2023-05-31 12:41:53,303 [Worker-34: Building] WARN  o.e.m.c.i.embedder.EclipseLogger - Using platform encoding (Cp1252 actually) to copy filtered resources, i.e. build is platform dependent!
2023-05-31 12:41:53,304 [Worker-34: Building] INFO  o.e.m.c.i.embedder.EclipseLogger - Copying 0 resource
2023-05-31 14:40:59,297 [Worker-36: Importing Maven projects] INFO  o.e.m.c.i.l.LifecycleMappingFactory - Using org.eclipse.m2e.jdt.JarLifecycleMapping lifecycle mapping for MavenProject: com.ust.rest:firstrest-app:0.0.1-SNAPSHOT @ D:\Module 3\mvc\firstrestmysqljpa\pom.xml.
2023-05-31 14:41:01,908 [Worker-36: Importing Maven projects] INFO  o.e.m.j.i.AbstractJavaProjectConfigurator - Adding source folder /firstrest-app/src/main/java
2023-05-31 14:41:01,909 [Worker-36: Importing Maven projects] INFO  o.e.m.j.i.AbstractJavaProjectConfigurator - Adding resource folder /firstrest-app/src/main/resources
2023-05-31 14:41:01,909 [Worker-36: Importing Maven projects] INFO  o.e.m.j.i.AbstractJavaProjectConfigurator - Adding resource folder /firstrest-app/src/main/resources
2023-05-31 14:41:01,910 [Worker-36: Importing Maven projects] INFO  o.e.m.j.i.AbstractJavaProjectConfigurator - Adding source folder /firstrest-app/src/test/java
2023-05-31 14:41:02,561 [Worker-36: Importing Maven projects] INFO  o.e.m.c.i.p.ProjectConfigurationManager - Imported and configured 1 project(s) in 4 sec
2023-05-31 15:27:12,069 [Worker-45: Building] INFO  o.e.m.c.i.l.LifecycleMappingFactory - Using org.eclipse.m2e.jdt.JarLifecycleMapping lifecycle mapping for MavenProject: com.ust.rest:firstrest-app:0.0.1-SNAPSHOT @ D:\Module 3\mvc\firstrestmysqljpa\pom.xml.
2023-05-31 15:27:14,217 [Worker-45: Building] INFO  o.e.m.c.i.embedder.EclipseLogger - Using 'UTF-8' encoding to copy filtered resources.
2023-05-31 15:27:14,218 [Worker-45: Building] INFO  o.e.m.c.i.embedder.EclipseLogger - Using 'UTF-8' encoding to copy filtered properties files.
2023-05-31 15:27:14,230 [Worker-45: Building] INFO  o.e.m.c.i.embedder.EclipseLogger - Copying 0 resource
2023-05-31 15:27:14,230 [Worker-45: Building] INFO  o.e.m.c.i.embedder.EclipseLogger - Copying 0 resource
2023-05-31 15:27:14,240 [Worker-45: Building] INFO  o.e.m.c.i.embedder.EclipseLogger - Using 'UTF-8' encoding to copy filtered resources.
2023-05-31 15:27:14,240 [Worker-45: Building] INFO  o.e.m.c.i.embedder.EclipseLogger - Using 'UTF-8' encoding to copy filtered properties files.
2023-05-31 15:27:14,240 [Worker-45: Building] INFO  o.e.m.c.i.embedder.EclipseLogger - skip non existing resourceDirectory D:\Module 3\mvc\firstrestmysqljpa\src\test\resources
2023-05-31 15:27:15,748 [Worker-59: Building] INFO  o.e.m.c.i.embedder.EclipseLogger - Using 'UTF-8' encoding to copy filtered resources.
2023-05-31 15:27:15,748 [Worker-59: Building] INFO  o.e.m.c.i.embedder.EclipseLogger - Using 'UTF-8' encoding to copy filtered properties files.
2023-05-31 15:27:15,749 [Worker-59: Building] INFO  o.e.m.c.i.embedder.EclipseLogger - Copying 1 resource
2023-05-31 15:27:15,778 [Worker-59: Building] INFO  o.e.m.c.i.embedder.EclipseLogger - Copying 3 resources
2023-05-31 15:27:15,786 [Worker-59: Building] INFO  o.e.m.c.i.embedder.EclipseLogger - Using 'UTF-8' encoding to copy filtered resources.
2023-05-31 15:27:15,787 [Worker-59: Building] INFO  o.e.m.c.i.embedder.EclipseLogger - Using 'UTF-8' encoding to copy filtered properties files.
2023-05-31 15:27:15,787 [Worker-59: Building] INFO  o.e.m.c.i.embedder.EclipseLogger - skip non existing resourceDirectory D:\Module 3\mvc\firstrestmysqljpa\src\test\resources
2023-05-31 15:31:40,056 [Worker-64: Building] INFO  o.e.m.c.i.embedder.EclipseLogger - Using 'UTF-8' encoding to copy filtered resources.
2023-05-31 15:31:40,056 [Worker-64: Building] INFO  o.e.m.c.i.embedder.EclipseLogger - Using 'UTF-8' encoding to copy filtered properties files.
2023-05-31 15:31:40,059 [Worker-64: Building] INFO  o.e.m.c.i.embedder.EclipseLogger - Copying 1 resource
2023-05-31 15:31:40,084 [Worker-64: Building] INFO  o.e.m.c.i.embedder.EclipseLogger - Copying 0 resource
2023-05-31 15:31:40,091 [Worker-64: Building] INFO  o.e.m.c.i.embedder.EclipseLogger - Using 'UTF-8' encoding to copy filtered resources.
2023-05-31 15:31:40,091 [Worker-64: Building] INFO  o.e.m.c.i.embedder.EclipseLogger - Using 'UTF-8' encoding to copy filtered properties files.
2023-05-31 15:31:40,091 [Worker-64: Building] INFO  o.e.m.c.i.embedder.EclipseLogger - skip non existing resourceDirectory D:\Module 3\mvc\firstrestmysqljpa\src\test\resources
2023-05-31 15:32:37,311 [Worker-57: Building] INFO  o.e.m.c.i.embedder.EclipseLogger - Using 'UTF-8' encoding to copy filtered resources.
2023-05-31 15:32:37,311 [Worker-57: Building] INFO  o.e.m.c.i.embedder.EclipseLogger - Using 'UTF-8' encoding to copy filtered properties files.
2023-05-31 15:32:37,311 [Worker-57: Building] INFO  o.e.m.c.i.embedder.EclipseLogger - Copying 1 resource
2023-05-31 15:32:37,328 [Worker-57: Building] INFO  o.e.m.c.i.embedder.EclipseLogger - Copying 0 resource
2023-05-31 15:32:37,332 [Worker-57: Building] INFO  o.e.m.c.i.embedder.EclipseLogger - Using 'UTF-8' encoding to copy filtered resources.
2023-05-31 15:32:37,332 [Worker-57: Building] INFO  o.e.m.c.i.embedder.EclipseLogger - Using 'UTF-8' encoding to copy filtered properties files.
2023-05-31 15:32:37,332 [Worker-57: Building] INFO  o.e.m.c.i.embedder.EclipseLogger - skip non existing resourceDirectory D:\Module 3\mvc\firstrestmysqljpa\src\test\resources
2023-05-31 15:33:05,778 [Worker-64: Building] INFO  o.e.m.c.i.embedder.EclipseLogger - Using 'UTF-8' encoding to copy filtered resources.
2023-05-31 15:33:05,779 [Worker-64: Building] INFO  o.e.m.c.i.embedder.EclipseLogger - Using 'UTF-8' encoding to copy filtered properties files.
2023-05-31 15:33:05,779 [Worker-64: Building] INFO  o.e.m.c.i.embedder.EclipseLogger - Copying 1 resource
2023-05-31 15:33:05,798 [Worker-64: Building] INFO  o.e.m.c.i.embedder.EclipseLogger - Copying 0 resource
2023-05-31 15:33:05,802 [Worker-64: Building] INFO  o.e.m.c.i.embedder.EclipseLogger - Using 'UTF-8' encoding to copy filtered resources.
2023-05-31 15:33:05,803 [Worker-64: Building] INFO  o.e.m.c.i.embedder.EclipseLogger - Using 'UTF-8' encoding to copy filtered properties files.
2023-05-31 15:33:05,803 [Worker-64: Building] INFO  o.e.m.c.i.embedder.EclipseLogger - skip non existing resourceDirectory D:\Module 3\mvc\firstrestmysqljpa\src\test\resources
2023-05-31 16:40:51,255 [Worker-68: Building] INFO  o.e.m.c.i.l.LifecycleMappingFactory - Using org.eclipse.m2e.jdt.JarLifecycleMapping lifecycle mapping for MavenProject: com.ust.rest:firstrest-app:0.0.1-SNAPSHOT @ D:\Advanced\firstrest-app-profile\pom.xml.
2023-05-31 16:40:52,496 [Worker-68: Building] INFO  o.e.m.c.i.embedder.EclipseLogger - Using 'UTF-8' encoding to copy filtered resources.
2023-05-31 16:40:52,496 [Worker-68: Building] INFO  o.e.m.c.i.embedder.EclipseLogger - Using 'UTF-8' encoding to copy filtered properties files.
2023-05-31 16:40:52,496 [Worker-68: Building] INFO  o.e.m.c.i.embedder.EclipseLogger - Copying 1 resource
2023-05-31 16:40:52,530 [Worker-68: Building] INFO  o.e.m.c.i.embedder.EclipseLogger - Copying 3 resources
2023-05-31 16:40:52,553 [Worker-68: Building] INFO  o.e.m.c.i.embedder.EclipseLogger - Using 'UTF-8' encoding to copy filtered resources.
2023-05-31 16:40:52,553 [Worker-68: Building] INFO  o.e.m.c.i.embedder.EclipseLogger - Using 'UTF-8' encoding to copy filtered properties files.
2023-05-31 16:40:52,553 [Worker-68: Building] INFO  o.e.m.c.i.embedder.EclipseLogger - skip non existing resourceDirectory D:\Advanced\firstrest-app-profile\src\test\resources
2023-05-31 16:40:53,946 [Worker-69: Building] INFO  o.e.m.c.i.embedder.EclipseLogger - Using 'UTF-8' encoding to copy filtered resources.
2023-05-31 16:40:53,946 [Worker-69: Building] INFO  o.e.m.c.i.embedder.EclipseLogger - Using 'UTF-8' encoding to copy filtered properties files.
2023-05-31 16:40:53,950 [Worker-69: Building] INFO  o.e.m.c.i.embedder.EclipseLogger - Copying 1 resource
2023-05-31 16:40:53,954 [Worker-69: Building] INFO  o.e.m.c.i.embedder.EclipseLogger - Copying 3 resources
2023-05-31 16:40:53,960 [Worker-69: Building] INFO  o.e.m.c.i.embedder.EclipseLogger - Using 'UTF-8' encoding to copy filtered resources.
2023-05-31 16:40:53,960 [Worker-69: Building] INFO  o.e.m.c.i.embedder.EclipseLogger - Using 'UTF-8' encoding to copy filtered properties files.
2023-05-31 16:40:53,960 [Worker-69: Building] INFO  o.e.m.c.i.embedder.EclipseLogger - skip non existing resourceDirectory D:\Advanced\firstrest-app-profile\src\test\resources
2023-05-31 16:42:41,031 [Worker-71: Building] INFO  o.e.m.c.i.embedder.EclipseLogger - Using 'UTF-8' encoding to copy filtered resources.
2023-05-31 16:42:41,031 [Worker-71: Building] INFO  o.e.m.c.i.embedder.EclipseLogger - Using 'UTF-8' encoding to copy filtered properties files.
2023-05-31 16:42:41,032 [Worker-71: Building] INFO  o.e.m.c.i.embedder.EclipseLogger - Copying 1 resource
2023-05-31 16:42:41,053 [Worker-71: Building] INFO  o.e.m.c.i.embedder.EclipseLogger - Copying 0 resource
2023-05-31 16:42:41,057 [Worker-71: Building] INFO  o.e.m.c.i.embedder.EclipseLogger - Using 'UTF-8' encoding to copy filtered resources.
2023-05-31 16:42:41,057 [Worker-71: Building] INFO  o.e.m.c.i.embedder.EclipseLogger - Using 'UTF-8' encoding to copy filtered properties files.
2023-05-31 16:42:41,057 [Worker-71: Building] INFO  o.e.m.c.i.embedder.EclipseLogger - skip non existing resourceDirectory D:\Module 3\mvc\firstrestmysqljpa\src\test\resources
2023-05-31 16:42:50,209 [Worker-71: Building] INFO  o.e.m.c.i.embedder.EclipseLogger - Using 'UTF-8' encoding to copy filtered resources.
2023-05-31 16:42:50,209 [Worker-71: Building] INFO  o.e.m.c.i.embedder.EclipseLogger - Using 'UTF-8' encoding to copy filtered properties files.
2023-05-31 16:42:50,209 [Worker-71: Building] INFO  o.e.m.c.i.embedder.EclipseLogger - Copying 0 resource
2023-05-31 16:42:50,210 [Worker-71: Building] INFO  o.e.m.c.i.embedder.EclipseLogger - Copying 0 resource
2023-05-31 16:42:50,214 [Worker-71: Building] INFO  o.e.m.c.i.embedder.EclipseLogger - Using 'UTF-8' encoding to copy filtered resources.
2023-05-31 16:42:50,214 [Worker-71: Building] INFO  o.e.m.c.i.embedder.EclipseLogger - Using 'UTF-8' encoding to copy filtered properties files.
2023-05-31 16:42:50,214 [Worker-71: Building] INFO  o.e.m.c.i.embedder.EclipseLogger - skip non existing resourceDirectory D:\Module 3\mvc\firstrestmysqljpa\src\test\resources
2023-05-31 16:42:55,146 [Worker-64: Building] INFO  o.e.m.c.i.embedder.EclipseLogger - Using 'UTF-8' encoding to copy filtered resources.
2023-05-31 16:42:55,146 [Worker-64: Building] INFO  o.e.m.c.i.embedder.EclipseLogger - Using 'UTF-8' encoding to copy filtered properties files.
2023-05-31 16:42:55,146 [Worker-64: Building] INFO  o.e.m.c.i.embedder.EclipseLogger - Copying 0 resource
2023-05-31 16:42:55,146 [Worker-64: Building] INFO  o.e.m.c.i.embedder.EclipseLogger - Copying 0 resource
2023-05-31 16:42:55,154 [Worker-64: Building] INFO  o.e.m.c.i.embedder.EclipseLogger - Using 'UTF-8' encoding to copy filtered resources.
2023-05-31 16:42:55,154 [Worker-64: Building] INFO  o.e.m.c.i.embedder.EclipseLogger - Using 'UTF-8' encoding to copy filtered properties files.
2023-05-31 16:42:55,154 [Worker-64: Building] INFO  o.e.m.c.i.embedder.EclipseLogger - skip non existing resourceDirectory D:\Module 3\mvc\firstrestmysqljpa\src\test\resources
2023-05-31 16:43:00,037 [Worker-72: Building] INFO  o.e.m.c.i.embedder.EclipseLogger - Using 'UTF-8' encoding to copy filtered resources.
2023-05-31 16:43:00,038 [Worker-72: Building] INFO  o.e.m.c.i.embedder.EclipseLogger - Using 'UTF-8' encoding to copy filtered properties files.
2023-05-31 16:43:00,038 [Worker-72: Building] INFO  o.e.m.c.i.embedder.EclipseLogger - Copying 0 resource
2023-05-31 16:43:00,038 [Worker-72: Building] INFO  o.e.m.c.i.embedder.EclipseLogger - Copying 0 resource
2023-05-31 16:43:00,043 [Worker-72: Building] INFO  o.e.m.c.i.embedder.EclipseLogger - Using 'UTF-8' encoding to copy filtered resources.
2023-05-31 16:43:00,043 [Worker-72: Building] INFO  o.e.m.c.i.embedder.EclipseLogger - Using 'UTF-8' encoding to copy filtered properties files.
2023-05-31 16:43:00,043 [Worker-72: Building] INFO  o.e.m.c.i.embedder.EclipseLogger - skip non existing resourceDirectory D:\Module 3\mvc\firstrestmysqljpa\src\test\resources
2023-05-31 16:43:16,448 [Worker-72: Launching Executing clean in D__Module 3_mvc_firstrestmysqljpa] INFO  o.e.m.i.launch.MavenLaunchDelegate - Run build in "D:\Module 3\mvc\firstrestmysqljpa":
2023-05-31 16:43:16,449 [Worker-72: Launching Executing clean in D__Module 3_mvc_firstrestmysqljpa] INFO  o.e.m.i.launch.MavenLaunchDelegate -  mvn  -B -Dstyle.color=always clean
2023-05-31 16:43:19,696 [Worker-70: Building] INFO  o.e.m.c.i.embedder.EclipseLogger - Using 'UTF-8' encoding to copy filtered resources.
2023-05-31 16:43:19,696 [Worker-70: Building] INFO  o.e.m.c.i.embedder.EclipseLogger - Using 'UTF-8' encoding to copy filtered properties files.
2023-05-31 16:43:19,697 [Worker-70: Building] INFO  o.e.m.c.i.embedder.EclipseLogger - Copying 1 resource
2023-05-31 16:43:19,699 [Worker-70: Building] INFO  o.e.m.c.i.embedder.EclipseLogger - Copying 0 resource
2023-05-31 16:43:19,702 [Worker-70: Building] INFO  o.e.m.c.i.embedder.EclipseLogger - Using 'UTF-8' encoding to copy filtered resources.
2023-05-31 16:43:19,703 [Worker-70: Building] INFO  o.e.m.c.i.embedder.EclipseLogger - Using 'UTF-8' encoding to copy filtered properties files.
2023-05-31 16:43:19,703 [Worker-70: Building] INFO  o.e.m.c.i.embedder.EclipseLogger - skip non existing resourceDirectory D:\Module 3\mvc\firstrestmysqljpa\src\test\resources
2023-05-31 16:43:34,337 [Worker-73: Updating Maven Project] INFO  o.e.m.c.i.p.ProjectConfigurationManager - Update started
2023-05-31 16:43:34,626 [Worker-73: Updating Maven Project] INFO  o.e.m.c.i.l.LifecycleMappingFactory - Using org.eclipse.m2e.jdt.JarLifecycleMapping lifecycle mapping for MavenProject: com.ust.rest:firstrest-app:0.0.1-SNAPSHOT @ D:\Module 3\mvc\firstrestmysqljpa\pom.xml.
2023-05-31 16:43:35,273 [Worker-73: Updating Maven Project] INFO  o.e.m.j.i.AbstractJavaProjectConfigurator - Adding source folder /firstrest-app/src/main/java
2023-05-31 16:43:35,273 [Worker-73: Updating Maven Project] INFO  o.e.m.j.i.AbstractJavaProjectConfigurator - Adding resource folder /firstrest-app/src/main/resources
2023-05-31 16:43:35,274 [Worker-73: Updating Maven Project] INFO  o.e.m.j.i.AbstractJavaProjectConfigurator - Adding resource folder /firstrest-app/src/main/resources
2023-05-31 16:43:35,274 [Worker-73: Updating Maven Project] INFO  o.e.m.j.i.AbstractJavaProjectConfigurator - Adding source folder /firstrest-app/src/test/java
2023-05-31 16:43:35,604 [Worker-73: Updating Maven Project] INFO  o.e.m.c.i.p.ProjectConfigurationManager - Update completed for 1 poms: local refresh takes 0.00 sec, refresh facades takes 0.00 sec, update config takes 0.00 sec 
2023-05-31 16:46:23,231 [Worker-72: Building] INFO  o.e.m.c.i.l.LifecycleMappingFactory - Using org.eclipse.m2e.jdt.JarLifecycleMapping lifecycle mapping for MavenProject: com.ust.rest:firstrest-app:0.0.1-SNAPSHOT @ D:\Module 3\mvc\firstrestmysqljpa\pom.xml.
2023-05-31 16:46:24,251 [Worker-72: Building] INFO  o.e.m.c.i.embedder.EclipseLogger - Using 'UTF-8' encoding to copy filtered resources.
2023-05-31 16:46:24,251 [Worker-72: Building] INFO  o.e.m.c.i.embedder.EclipseLogger - Using 'UTF-8' encoding to copy filtered properties files.
2023-05-31 16:46:24,255 [Worker-72: Building] INFO  o.e.m.c.i.embedder.EclipseLogger - Copying 0 resource
2023-05-31 16:46:24,255 [Worker-72: Building] INFO  o.e.m.c.i.embedder.EclipseLogger - Copying 0 resource
2023-05-31 16:46:24,260 [Worker-72: Building] INFO  o.e.m.c.i.embedder.EclipseLogger - Using 'UTF-8' encoding to copy filtered resources.
2023-05-31 16:46:24,260 [Worker-72: Building] INFO  o.e.m.c.i.embedder.EclipseLogger - Using 'UTF-8' encoding to copy filtered properties files.
2023-05-31 16:46:24,260 [Worker-72: Building] INFO  o.e.m.c.i.embedder.EclipseLogger - skip non existing resourceDirectory D:\Module 3\mvc\firstrestmysqljpa\src\test\resources
2023-05-31 16:46:25,599 [Worker-72: Building] INFO  o.e.m.c.i.embedder.EclipseLogger - Using 'UTF-8' encoding to copy filtered resources.
2023-05-31 16:46:25,599 [Worker-72: Building] INFO  o.e.m.c.i.embedder.EclipseLogger - Using 'UTF-8' encoding to copy filtered properties files.
2023-05-31 16:46:25,600 [Worker-72: Building] INFO  o.e.m.c.i.embedder.EclipseLogger - Copying 1 resource
2023-05-31 16:46:25,630 [Worker-72: Building] INFO  o.e.m.c.i.embedder.EclipseLogger - Copying 0 resource
2023-05-31 16:46:25,634 [Worker-72: Building] INFO  o.e.m.c.i.embedder.EclipseLogger - Using 'UTF-8' encoding to copy filtered resources.
2023-05-31 16:46:25,634 [Worker-72: Building] INFO  o.e.m.c.i.embedder.EclipseLogger - Using 'UTF-8' encoding to copy filtered properties files.
2023-05-31 16:46:25,634 [Worker-72: Building] INFO  o.e.m.c.i.embedder.EclipseLogger - skip non existing resourceDirectory D:\Module 3\mvc\firstrestmysqljpa\src\test\resources
